<?xml version="1.0" encoding="UTF-8"?>
<!-- Generated by org.testng.reporters.JUnitReportReporter -->
<testsuite hostname="DESKTOP-EC83JK8" failures="0" tests="2" name="leafGround_TestCases.Dashboard" time="1.929" errors="0" timestamp="2022-10-13T08:42:09 IST" skipped="0">
  <testcase classname="leafGround_TestCases.Dashboard" name="ScrollTest" time="0.034"/>
  <system-out/>
  <testcase classname="leafGround_TestCases.Dashboard" name="Homeicon" time="1.895"/>
  <system-out/>
</testsuite> <!-- leafGround_TestCases.Dashboard -->
