<?xml version="1.0" encoding="UTF-8"?>
<!-- Generated by org.testng.reporters.JUnitReportReporter -->
<testsuite hostname="DESKTOP-EC83JK8" failures="0" tests="1" name="leafGround_TestCases.Launch_Leafground" time="4.788" errors="0" timestamp="2022-10-13T08:42:09 IST" skipped="0">
  <testcase classname="leafGround_TestCases.Launch_Leafground" name="LaunchLeaf_Ground" time="4.788"/>
  <system-out/>
</testsuite> <!-- leafGround_TestCases.Launch_Leafground -->
